<?xml version="1.0" encoding="UTF-8"?>
<testsuite xmlns:xsi="http://www.w3.org/2001/XMLSchema-instance" xsi:noNamespaceSchemaLocation="https://maven.apache.org/surefire/maven-surefire-plugin/xsd/surefire-test-report.xsd" name="org.author.json.MapOperationTest" time="0.001" tests="7" errors="0" skipped="0" failures="0">
  <properties>
[...]
</properties>
  <testcase name="testEmptyMapReturnsEmptyArrayAfterResortingMethod" classname="org.author.json.MapOperationTest" time="0"/>
  <testcase name="testEmptyMapReturnsEmptyArrayAfterSortingMethod" classname="org.author.json.MapOperationTest" time="0"/>
  <testcase name="isSortingAlright_HighestIsFirst" classname="org.author.json.MapOperationTest" time="0"/>
  <testcase name="isSortingAlright_LowestIsLast" classname="org.author.json.MapOperationTest" time="0"/>
  <testcase name="doubledValuesAreInOneElement" classname="org.author.json.MapOperationTest" time="0"/>
  <testcase name="areOutputHighestValuesOk" classname="org.author.json.MapOperationTest" time="0"/>
  <testcase name="areOutputLowestValuesOk" classname="org.author.json.MapOperationTest" time="0"/>
</testsuite>